FILE_NOT_FILE : /home/carl/Desktop -> carl@localhost:/home/carl/scp-qt-send
FILE_NOT_FILE : /home/carl/Desktop/The 3 Stages of Failure in Life and Work (And How to Fix Them)_files -> carl@localhost:/home/carl/scp-qt-send
FILE_NOT_FILE : /home/carl/Desktop/Black_Box -> carl@localhost:/home/carl/scp-qt-send
FILE_NOT_FILE : /home/carl/Desktop/shells -> carl@localhost:/home/carl/scp-qt-send
FILE_NOT_FILE : /home/carl/Desktop/savings -> carl@localhost:/home/carl/scp-qt-send
0fea32963ba13173f46b2091b2f51d8aafe944361752390baa809ac2fc93c0223f903240eeb8b62c71b38d10f0716b034bc158c080d2441c34386048d53dac9b : /home/carl/Desktop/The 3 Stages of Failure in Life and Work (And How to Fix Them).html -> carl@localhost:/home/carl/scp-qt-send
23d4bc15e4450fd53cb0b3e1d9dc2da1957c9c41d469951cc60e150d020353e105de4cbc1cc5d7584a9f1dc53400271282d1837675e8b13c630152f08bec15e8 : /home/carl/Desktop/PyQt5.desktop -> carl@localhost:/home/carl/scp-qt-send
71daaa74418d14778eae32bef5d8d53efd9580ceba7c28186c56ad6b1e7fb8ae720ec30ff9aff5fb5e85e1133e4a5ac3a7eb022c44de65257bfd72a436f82dab : /home/carl/Desktop/netflix.desktop -> carl@localhost:/home/carl/scp-qt-send
7a7f82f8bc09548d5ab1ce558f0e11af7d904e42593ee8527e9e9fd1e0e8195e247141d589f3e2f40cd50e4fa8954d353dae0e48d98e78d72972756bfaac7c9a : /home/carl/Desktop/The 3 Stages of Failure in Life and Work (And How to Fix Them)_files/bigfoot-default.css -> carl@localhost:/home/carl/scp-qt-send
7d8acdc288323da486d7227ad5741d0a421dc5ba58768a2e0da0dc0c3f215df5bab0192f5678e53770f57acff3bd30390ad00e8a4d2d590e94e12bd376d67515 : /home/carl/Desktop/The 3 Stages of Failure in Life and Work (And How to Fix Them)_files/hoverIntent.js -> carl@localhost:/home/carl/scp-qt-send
3ee1e245a19d64123459bc65ac7e5ef8323d63cf24cbd2bebd84d7b6475ea32e879437718509f3608403292cba036cef6b9632bbeb140509485a5988389ae081 : /home/carl/Desktop/The 3 Stages of Failure in Life and Work (And How to Fix Them)_files/a.js -> carl@localhost:/home/carl/scp-qt-send
94016e9e0a6f3a7964c2f3d7f57dbb858f403c717f190be8d1b397ba8d1811ea81004d23a746a25427645f6fabbbaa116519692766d29f138b3bed3267b39278 : /home/carl/Desktop/The 3 Stages of Failure in Life and Work (And How to Fix Them)_files/style_002.css -> carl@localhost:/home/carl/scp-qt-send
23499bfecb998cfc63147dcdb69d1427758bd0e5fa1093e9a8d00f469017a904e8333f7a17b2465145e4b4170416970ed108cc42c944bdfb4e2af5df1a1ddf9d : /home/carl/Desktop/The 3 Stages of Failure in Life and Work (And How to Fix Them)_files/css_004.css -> carl@localhost:/home/carl/scp-qt-send
3c8014554f2ed6f01dd12cf5b12d5b144e45d588c6aa6fec71027e5485092fd90d6bc8ed0161540ccbb9bf29d73c3a6b45106a1eb13c28a12c8c0ef3db627514 : /home/carl/Desktop/The 3 Stages of Failure in Life and Work (And How to Fix Them)_files/font-awesome_003.css -> carl@localhost:/home/carl/scp-qt-send
e77057008fc0a3b8380e9f8daf79bb521daa5ea545e9ddb01de8fd38f70e30c224fd8018c349ec8f32aa9cec7470f204378a70db59ef3eb09807016e84431146 : /home/carl/Desktop/The 3 Stages of Failure in Life and Work (And How to Fix Them)_files/analytics.js -> carl@localhost:/home/carl/scp-qt-send
71a2b51e11be439aec6f71a122a62c4330f9ed84d0f140c1f9bda03ee21d32a73e0e9f6b7a1bee8c66cc8639bb7aa2b72d246e0d46c2dd155e4b9f68c0aa3a09 : /home/carl/Desktop/The 3 Stages of Failure in Life and Work (And How to Fix Them)_files/2668275.js -> carl@localhost:/home/carl/scp-qt-send
7e5f18f12b56d711b70509ea80e5cae14326558ebff755a3d61a8d9156ffcdad243274195d83fe27c6e295feccc19a285ad358ebbcd720846820b51e22389f3d : /home/carl/Desktop/The 3 Stages of Failure in Life and Work (And How to Fix Them)_files/dashicons.css -> carl@localhost:/home/carl/scp-qt-send
f8a00b9f9c6ab196784826eb71f1fc635f6b9dac30dbc783c464b1040cef5ced9bcc20f63c123657f01b66a8ee06bcf97f29d2ce470622abefd7c04ac0fe204b : /home/carl/Desktop/The 3 Stages of Failure in Life and Work (And How to Fix Them)_files/open_in_new_window.js -> carl@localhost:/home/carl/scp-qt-send
c12af1ad5655430c2cc8c9b40f570482770e64e7af7d4fd6b1ff745436750e4181b26f9225bbac634bbfb77697134ca1ae3782f22efeaf6713f7ba860f91a276 : /home/carl/Desktop/The 3 Stages of Failure in Life and Work (And How to Fix Them)_files/fitvids-init.js -> carl@localhost:/home/carl/scp-qt-send
49f4e24e55fa924faa8ad7debe5ffb2e26d439e25696df6b6f20e7f766b50ea58ec3dbd61b6305a1acacd2c80e6e659accee4140f885b9c9e71008e9001fbf4b : /home/carl/Desktop/The 3 Stages of Failure in Life and Work (And How to Fix Them)_files/font-awesome_002.css -> carl@localhost:/home/carl/scp-qt-send
1440c03dce045740c505231ee5a1fef09b04aa4be745ceb75505344ebebffc4abd3631829982eb0dcca7c6397b0c2e7b25cd9a8629b828f74663fa9bb14b9468 : /home/carl/Desktop/The 3 Stages of Failure in Life and Work (And How to Fix Them)_files/jcll-scripts.js -> carl@localhost:/home/carl/scp-qt-send
0cf903a4eb105f1b4b5f9265159c9e0333c9be6fcf47d33aa281f205b62b5c135713c7523822af1970347eb668390ed7753263629c73f227759db5c4d248718b : /home/carl/Desktop/The 3 Stages of Failure in Life and Work (And How to Fix Them)_files/bigfoot.js -> carl@localhost:/home/carl/scp-qt-send
839df6fa2df314aee033875a1d57df7041edee4d01f5c31a2d0ad59b801050c3599856c1b622cca5595569e8fcc0cee3593865c6648253ebab93dda22724ab42 : /home/carl/Desktop/The 3 Stages of Failure in Life and Work (And How to Fix Them)_files/svgxuse.js -> carl@localhost:/home/carl/scp-qt-send
fdc614e3272f8e6937d5a78c1ca4ab7990fb5a7921892e0f52bece1e67532891cc2d97a19482e25bd5f780f19c29e85a2412b250ef432aea4ca259c3e7ea8aa8 : /home/carl/Desktop/The 3 Stages of Failure in Life and Work (And How to Fix Them)_files/stages-of-failure-explained.jpg -> carl@localhost:/home/carl/scp-qt-send
afcec3a731fd9d64bc1446dd7bf08b7a6b3ad6c5dcef292c9113007ff5ba660063cd980c441eccb1a7143458a10ae3b226d42f59367902942f30a1e6aa37766f : /home/carl/Desktop/The 3 Stages of Failure in Life and Work (And How to Fix Them)_files/flexington.css -> carl@localhost:/home/carl/scp-qt-send
bc09a26b5cfe1d476d0f7a90c6b792baa0618266c6c13687085da318fbc6680b0e0b96b71d4222a63b878fa379721bf594a4e8eca07401de04b5262d621b8c8a : /home/carl/Desktop/The 3 Stages of Failure in Life and Work (And How to Fix Them)_files/jquery_002.js -> carl@localhost:/home/carl/scp-qt-send
a3e8cb855b87aa85b3fea6253cc9f99bf48897774496f17ff16e2caf1ef0468b861636c898990c94e4adc16820cb77eb9367f85b14b5f5c49a8217bcb04b6f8f : /home/carl/Desktop/The 3 Stages of Failure in Life and Work (And How to Fix Them)_files/counter-column.css -> carl@localhost:/home/carl/scp-qt-send
b4e2c658f2319fba2bd629e935eaeabe58916fe4485781dbcce68fbe638b5575ffc4e4586b458e8eac6cd40366cb127e4ac27015458a777352a5aac56a1f5a76 : /home/carl/Desktop/The 3 Stages of Failure in Life and Work (And How to Fix Them)_files/ads.js -> carl@localhost:/home/carl/scp-qt-send
68c65c33340126c7c42fbabfa5bdfe475251221582f4563f9afd33f7e4af798b93bf1220e1ad668b4796253c8f632299c508a17a94a8df672cc0b9ab8c3b52d3 : /home/carl/Desktop/The 3 Stages of Failure in Life and Work (And How to Fix Them)_files/onejs.js -> carl@localhost:/home/carl/scp-qt-send
10fe149f49675c81bdd7c9d8323e7c5c42ff587028de0783abd1c62cfca8f34142a1cf34260f2c6cf601a507f599bd384c044409350efb83d3eef2326003f62f : /home/carl/Desktop/The 3 Stages of Failure in Life and Work (And How to Fix Them)_files/jquery.js -> carl@localhost:/home/carl/scp-qt-send
b756bd234276633ae27c8b5d2a846b4cd24d2514d496ed5046a8a89c5c27075aca625abf83c4e685cbe93fce8eed8387d4eab64c0ac638ad3f5e37c03347dbec : /home/carl/Desktop/The 3 Stages of Failure in Life and Work (And How to Fix Them)_files/stages-of-failure.jpg -> carl@localhost:/home/carl/scp-qt-send
bdc946a34d380fe1df1b9cf6339effef836f39587dfad9eaf28a8569a1a295dfbef95c420a9dfd6f20bf4ec9b74b0db296cf3229c871f06ee49219d811e5546b : /home/carl/Desktop/The 3 Stages of Failure in Life and Work (And How to Fix Them)_files/counter_nscript.js -> carl@localhost:/home/carl/scp-qt-send
faa5c4a422e1f7d1222e2837c6950b3913766ee895eebef1443b4a54e898c75cd2b13da216cbf479a56e1ab3c77e4ab158812fc7669a9724a820b23a4f0be52a : /home/carl/Desktop/The 3 Stages of Failure in Life and Work (And How to Fix Them)_files/shortcodes.js -> carl@localhost:/home/carl/scp-qt-send
ab6bc1f75ee307819ea7d3073790a6ea2010b8a6832bc006314fd7f2c2bef01b1f3635f8e18c8ea0410af7ca65d18f47137d5aece73284cb8c374ed683d1d365 : /home/carl/Desktop/The 3 Stages of Failure in Life and Work (And How to Fix Them)_files/mai-theme.css -> carl@localhost:/home/carl/scp-qt-send
d609d9511448af3de31baf809ed0ca1b4e727e1f60e3cd036ca57eba8a4d1bdbc9513c70b64f7d7f1148112365987d242b120cd15eec5ab2ce263a0d9150eb50 : /home/carl/Desktop/The 3 Stages of Failure in Life and Work (And How to Fix Them)_files/css.css -> carl@localhost:/home/carl/scp-qt-send
d8c126809880716a55927c189f5f4f97a3e64d23711f9c85a010bb270cfa41e5bb794751ca9442af9d4e88f51d2014702bd68b0f72cf168d5a8979bbc7d3eb97 : /home/carl/Desktop/The 3 Stages of Failure in Life and Work (And How to Fix Them)_files/2459160505.js -> carl@localhost:/home/carl/scp-qt-send
