carl@localhost:/home/carl/Documents/taken by the wind.txt -> /home/carl/scp-qt-get/Documents/taken by the wind.txt : 77daf7418f005cf6319caab4092b1f457c44f3170b56769bc10c57cd1a6be4e7
carl@localhost:/home/carl/Documents/.~lock.vulcan material requirements.ods# -> /home/carl/scp-qt-get/Documents/.~lock.vulcan material requirements.ods# : a4e1a5cbe16aa771634f99cc1400a861ba0811b695488028dae1b18fc314f355
carl@localhost:/home/carl/Documents/savings-182401_11302018.tar.xz -> /home/carl/scp-qt-get/Documents/savings-182401_11302018.tar.xz : 737a77cca55b46ca602eab7c98b93b9adce8f01dff0484e55023625a4024ca1c
carl@localhost:/home/carl/Documents/two weeks notice.odt -> /home/carl/scp-qt-get/Documents/two weeks notice.odt : 2811e3e2f0938cb48e5de31076ee3222527fc1cb90567579d34308ca1395061c
carl@localhost:/home/carl/Documents/expenses.ods -> /home/carl/scp-qt-get/Documents/expenses.ods : d458a11e45ab341efff928c343b591b8e4144cf668b3c829be3a90e965a1de7b
carl@localhost:/home/carl/Documents/vim-prac2.txt -> /home/carl/scp-qt-get/Documents/vim-prac2.txt : 05124fca475b96dc31f302b2cf1fa6b878ff38b52502aefb4b2945661cd7e227
carl@localhost:/home/carl/Documents/savings-202359_11222018.tar.xz -> /home/carl/scp-qt-get/Documents/savings-202359_11222018.tar.xz : bc0073dfd775816934b7c9763bf51791f353fc101df28174ff93b06102491058
carl@localhost:/home/carl/Documents/Calibrating Touchscreen - ArchWiki.html -> /home/carl/scp-qt-get/Documents/Calibrating Touchscreen - ArchWiki.html : fb68180814dada2ba287fd4195da8369693faef6e12a83dd239247a5fd207476
carl@localhost:/home/carl/Documents/eq-cheat-sheet.pdf -> /home/carl/scp-qt-get/Documents/eq-cheat-sheet.pdf : 8764aea7204ebd18454f2dbe36b4f3237ca58b355c198f9070e41288e09d6d49
carl@localhost:/home/carl/Documents/references-default.pdf -> /home/carl/scp-qt-get/Documents/references-default.pdf : b68504a48d7a46af50130de74f164db2a9a6f455fb5bd12ca6198006868e8c40
carl@localhost:/home/carl/Documents/vulcan material requirements.ods -> /home/carl/scp-qt-get/Documents/vulcan material requirements.ods : 2f36d646545c8bd55f5e2bd09aea3067fa5406902e9fcd3906ab38d41efff635
carl@localhost:/home/carl/Documents/vim-prac.txt -> /home/carl/scp-qt-get/Documents/vim-prac.txt : d13840618949853c0b2607ada5e918733b37b81a8a06480adc206da0808b8a9e
carl@localhost:/home/carl/Documents/resume-default.pdf -> /home/carl/scp-qt-get/Documents/resume-default.pdf : 8cb60848e7de5334a6748c53cbec3e1e48a64972382ae8b1f82215c1dc35cdcc
carl@localhost:/home/carl/Documents/Calibrating Touchscreen - ArchWiki_files/load(1).php -> /home/carl/scp-qt-get/Documents/Calibrating Touchscreen - ArchWiki_files/load(1).php : 6e56cbf5f0ab88fa3d3b44f8b76c405af1546f042a41996a1b4fd31149135738
carl@localhost:/home/carl/Documents/Calibrating Touchscreen - ArchWiki_files/load.php -> /home/carl/scp-qt-get/Documents/Calibrating Touchscreen - ArchWiki_files/load.php : 8aa3f8903fb5a700eb4e651a7691a81e4921bd714e8125ed795fbbcdb117aab0
carl@localhost:/home/carl/Documents/Calibrating Touchscreen - ArchWiki_files/Merge-arrows-2.png -> /home/carl/scp-qt-get/Documents/Calibrating Touchscreen - ArchWiki_files/Merge-arrows-2.png : d4d4f436ee8cfc8f6f3eadf2890f7d5ede7f4dde3f257fec4a5a6eb315d7111f
carl@localhost:/home/carl/Documents/Calibrating Touchscreen - ArchWiki_files/load(3).php -> /home/carl/scp-qt-get/Documents/Calibrating Touchscreen - ArchWiki_files/load(3).php : 9483ea199e433e69d212e04f15ffba1764be4963715b4d80d63d18d9cbd0e2a7
carl@localhost:/home/carl/Documents/Calibrating Touchscreen - ArchWiki_files/load(2).php -> /home/carl/scp-qt-get/Documents/Calibrating Touchscreen - ArchWiki_files/load(2).php : d15aa134478f4e32687a45658f95d2401b3a13b26242b2384069b4816048eb6e
carl@localhost:/home/carl/Documents/applications - 7-25-2018/Application Confirmation-Your Application Has Been Submitted-Costco.html -> /home/carl/scp-qt-get/Documents/applications - 7-25-2018/Application Confirmation-Your Application Has Been Submitted-Costco.html : 37241e0763447b596d968c83fd6e54a868e0071c46c6426fc21c1e8651dc5db3
carl@localhost:/home/carl/Documents/applications - 7-25-2018/Application Confirmation-Your Application Has Been Submitted-Costco.pdf -> /home/carl/scp-qt-get/Documents/applications - 7-25-2018/Application Confirmation-Your Application Has Been Submitted-Costco.pdf : a5aab6b3058105f45b0e2aec746e37ae1a8e547e6d895765f278693187b24e4a
carl@localhost:/home/carl/Documents/applications - 7-25-2018/oop - Print all properties of a Python Class - Stack Overflow.pdf -> /home/carl/scp-qt-get/Documents/applications - 7-25-2018/oop - Print all properties of a Python Class - Stack Overflow.pdf : dbaf73f7ca7f42f7027c88636408c8d3e5dcb623fd344536ce7601a68d615339
carl@localhost:/home/carl/Documents/applications - 7-25-2018/numbers.txt -> /home/carl/scp-qt-get/Documents/applications - 7-25-2018/numbers.txt : 62987aa76b43696b22b96aa3b3cd361d4523aa792ad69d0308cfdc9cb0fa37b6
carl@localhost:/home/carl/Documents/applications - 7-25-2018/Application Confirmation-Your Application Has Been Submitted-Costco_files/urchin.js -> /home/carl/scp-qt-get/Documents/applications - 7-25-2018/Application Confirmation-Your Application Has Been Submitted-Costco_files/urchin.js : 17cc0a3e0f5cf317392aca4a1944bc06bd77e699527840c0ab98e1e3dd8359af
carl@localhost:/home/carl/Documents/applications - 7-25-2018/Application Confirmation-Your Application Has Been Submitted-Costco_files/combined-4740201.js -> /home/carl/scp-qt-get/Documents/applications - 7-25-2018/Application Confirmation-Your Application Has Been Submitted-Costco_files/combined-4740201.js : 64130f4dd86dcaf6000e6940dca6c3e823ea80834e0e750a477d644fdb57e94c
carl@localhost:/home/carl/Documents/applications - 7-25-2018/Application Confirmation-Your Application Has Been Submitted-Costco_files/combined-4740201.css -> /home/carl/scp-qt-get/Documents/applications - 7-25-2018/Application Confirmation-Your Application Has Been Submitted-Costco_files/combined-4740201.css : 20d839fe9f56cb8fc29b1e4183db61c4119add649f7831a251b5b7642444306d
carl@localhost:/home/carl/Documents/applications - 7-25-2018/Application Confirmation-Your Application Has Been Submitted-Costco_files/cookie-min.js -> /home/carl/scp-qt-get/Documents/applications - 7-25-2018/Application Confirmation-Your Application Has Been Submitted-Costco_files/cookie-min.js : e31f1bdeded3a7cd43071cb480b93b660f1b04b8cf122bc8d87c2923b5d32629
carl@localhost:/home/carl/Documents/applications - 7-25-2018/Application Confirmation-Your Application Has Been Submitted-Costco_files/tick.gif -> /home/carl/scp-qt-get/Documents/applications - 7-25-2018/Application Confirmation-Your Application Has Been Submitted-Costco_files/tick.gif : ccb977a19e823c839338e8247520a9f5295ca2b8a091dad3625e8c9006d807f4
carl@localhost:/home/carl/Documents/applications - 7-25-2018/Application Confirmation-Your Application Has Been Submitted-Costco_files/core_leftnav.html -> /home/carl/scp-qt-get/Documents/applications - 7-25-2018/Application Confirmation-Your Application Has Been Submitted-Costco_files/core_leftnav.html : 63d28b9a08fd7732e63cfe67c0a8b11b9a782dcdeedf3831649a4305068ef0b0
carl@localhost:/home/carl/Documents/applications - 7-25-2018/Application Confirmation-Your Application Has Been Submitted-Costco_files/thickbox-min.css -> /home/carl/scp-qt-get/Documents/applications - 7-25-2018/Application Confirmation-Your Application Has Been Submitted-Costco_files/thickbox-min.css : b64b1d4cce40b025dc64c62e4caf2d66cf266d6c283926bfea23620b0e043cc2
carl@localhost:/home/carl/Documents/applications - 7-25-2018/Application Confirmation-Your Application Has Been Submitted-Costco_files/thickbox-min.js -> /home/carl/scp-qt-get/Documents/applications - 7-25-2018/Application Confirmation-Your Application Has Been Submitted-Costco_files/thickbox-min.js : bdb174b10498eed32008ad4a0953eb0afc421997b3e21ad8fcbd6d80c82f82a8
carl@localhost:/home/carl/Documents/applications - 7-25-2018/Application Confirmation-Your Application Has Been Submitted-Costco_files/print-min-4740201.css -> /home/carl/scp-qt-get/Documents/applications - 7-25-2018/Application Confirmation-Your Application Has Been Submitted-Costco_files/print-min-4740201.css : f107b7e93b1ca4a8384b4f094938bed8fffe638f33791f3b0ff078e1122814a5
carl@localhost:/home/carl/Documents/applications - 7-25-2018/Application Confirmation-Your Application Has Been Submitted-Costco_files/customer.css -> /home/carl/scp-qt-get/Documents/applications - 7-25-2018/Application Confirmation-Your Application Has Been Submitted-Costco_files/customer.css : 944b46e6fdd6be6956f2ef1b1d0e74709bd919ff18c79a3947a8b9544f40781e
carl@localhost:/home/carl/Documents/applications - 7-25-2018/Application Confirmation-Your Application Has Been Submitted-Costco_files/validation_en_US-min-4740201.js -> /home/carl/scp-qt-get/Documents/applications - 7-25-2018/Application Confirmation-Your Application Has Been Submitted-Costco_files/validation_en_US-min-4740201.js : bee4753e680d8355fad79acd1707229f9d6a5c5744570774eb1af88611fe2b19
carl@localhost:/home/carl/Documents/applications - 7-25-2018/Application Confirmation-Your Application Has Been Submitted-Costco_files/dom-min.js -> /home/carl/scp-qt-get/Documents/applications - 7-25-2018/Application Confirmation-Your Application Has Been Submitted-Costco_files/dom-min.js : 483fc5f24931598e18795d39a2a68b1f4a8acb34cf35fef3af1e2f1a9a0ba705
carl@localhost:/home/carl/Documents/applications - 7-25-2018/Application Confirmation-Your Application Has Been Submitted-Costco_files/Costco CE logo.jpg -> /home/carl/scp-qt-get/Documents/applications - 7-25-2018/Application Confirmation-Your Application Has Been Submitted-Costco_files/Costco CE logo.jpg : 22cd8f2f9f12216614261132b4194451885eb08169126e4472bb0f9ed6adef4c
carl@localhost:/home/carl/Documents/applications - 7-25-2018/Application Confirmation-Your Application Has Been Submitted-Costco_files/IEFrameWarningBypass.html -> /home/carl/scp-qt-get/Documents/applications - 7-25-2018/Application Confirmation-Your Application Has Been Submitted-Costco_files/IEFrameWarningBypass.html : bb608b3a39f4db2c889e374af7a1d0d1811681fc38b1cf54613b04514b98b715
carl@localhost:/home/carl/Documents/applications - 7-25-2018/Application Confirmation-Your Application Has Been Submitted-Costco_files/tools-min-4740201.js -> /home/carl/scp-qt-get/Documents/applications - 7-25-2018/Application Confirmation-Your Application Has Been Submitted-Costco_files/tools-min-4740201.js : cc1e4a1746644c76c53d4438b9cf1b307a795145c4af6ec60bdcc1c1f4c0a705
carl@localhost:/home/carl/Documents/applications - 7-25-2018/Application Confirmation-Your Application Has Been Submitted-Costco_files/logger-min.js -> /home/carl/scp-qt-get/Documents/applications - 7-25-2018/Application Confirmation-Your Application Has Been Submitted-Costco_files/logger-min.js : faef34e5511a6e8ba46a56b2fd28d84b192507ac0bf518faf7ce038e6d222737
carl@localhost:/home/carl/Documents/applications - 7-25-2018/Application Confirmation-Your Application Has Been Submitted-Costco_files/WebKitDetect-min.js -> /home/carl/scp-qt-get/Documents/applications - 7-25-2018/Application Confirmation-Your Application Has Been Submitted-Costco_files/WebKitDetect-min.js : 4d6da77a7683cb622e278472d8edd6d5dfae2634813faee76f4e912dd1a12df7
carl@localhost:/home/carl/Documents/applications - 7-25-2018/Application Confirmation-Your Application Has Been Submitted-Costco_files/style_en_US-min-4740201.css -> /home/carl/scp-qt-get/Documents/applications - 7-25-2018/Application Confirmation-Your Application Has Been Submitted-Costco_files/style_en_US-min-4740201.css : 1ab21d8355cfa17f8e61194831e81a8f22bec8c728fefb747ed035eb5082aa2b
carl@localhost:/home/carl/Documents/applications - 7-25-2018/Application Confirmation-Your Application Has Been Submitted-Costco_files/event-min.js -> /home/carl/scp-qt-get/Documents/applications - 7-25-2018/Application Confirmation-Your Application Has Been Submitted-Costco_files/event-min.js : e390f72eb9423137e88ec303f89eb21bbcbdaff69ff93131916508bcb654ebae
carl@localhost:/home/carl/Documents/applications - 7-25-2018/Application Confirmation-Your Application Has Been Submitted-Costco_files/element-min.js -> /home/carl/scp-qt-get/Documents/applications - 7-25-2018/Application Confirmation-Your Application Has Been Submitted-Costco_files/element-min.js : 02192d0d41eb970db280d565a2cf98771a5e6aa5135409f145c3e674e5e150d3
carl@localhost:/home/carl/Documents/applications - 7-25-2018/Application Confirmation-Your Application Has Been Submitted-Costco_files/core_footer.html -> /home/carl/scp-qt-get/Documents/applications - 7-25-2018/Application Confirmation-Your Application Has Been Submitted-Costco_files/core_footer.html : b4ce08f48ecc2878bee29f7760d40f6b2c4f2ad1e979f11010ef608efb1e0fa9
carl@localhost:/home/carl/Documents/applications - 7-25-2018/Application Confirmation-Your Application Has Been Submitted-Costco_files/yahoo-min.js -> /home/carl/scp-qt-get/Documents/applications - 7-25-2018/Application Confirmation-Your Application Has Been Submitted-Costco_files/yahoo-min.js : ea844890a37f409d56507989a0067fe0f9a31c135371c66e859be6346e99040c
carl@localhost:/home/carl/Documents/applications - 7-25-2018/Application Confirmation-Your Application Has Been Submitted-Costco_files/header.html -> /home/carl/scp-qt-get/Documents/applications - 7-25-2018/Application Confirmation-Your Application Has Been Submitted-Costco_files/header.html : 080a8c0ede6216e50b717e23bff506c2eaa04fbd8792872e533f1e97546b519f
carl@localhost:/home/carl/Documents/applications - 7-25-2018/Application Confirmation-Your Application Has Been Submitted-Costco_files/jquery-1.4.4.min.js -> /home/carl/scp-qt-get/Documents/applications - 7-25-2018/Application Confirmation-Your Application Has Been Submitted-Costco_files/jquery-1.4.4.min.js : cd8d740f73a59a867941122c076f88f298da3923a403b63745a63f8dc4ebffa9
carl@localhost:/home/carl/Documents/julia/live-long-and-prosper-hand-png-6.png -> /home/carl/scp-qt-get/Documents/julia/live-long-and-prosper-hand-png-6.png : e379188f232b141d319b359b445b015e4e384e7e3a5e6876c4ef7a1524880104
carl@localhost:/home/carl/Documents/ron/bitcoin.jpg -> /home/carl/scp-qt-get/Documents/ron/bitcoin.jpg : c9e9789aded676a21234463ed0d322637618c39c764e9e6fff3e1ac880a6d125
carl@localhost:/home/carl/Documents/trista/broncos.avi -> /home/carl/scp-qt-get/Documents/trista/broncos.avi : dcb722511e40e19b631747ae06e0b547d334b6ce89a2048032ec3a06e2362fb0
carl@localhost:/home/carl/Documents/trista/broncos-2.mp4 -> /home/carl/scp-qt-get/Documents/trista/broncos-2.mp4 : af8368c4285bb876fbd1b60bca7d316e0eeac705620234698baa192856237f5a
carl@localhost:/home/carl/Documents/trista/broncos.mp4 -> /home/carl/scp-qt-get/Documents/trista/broncos.mp4 : af8368c4285bb876fbd1b60bca7d316e0eeac705620234698baa192856237f5a
carl@localhost:/home/carl/Documents/savings/readme.txt -> /home/carl/scp-qt-get/Documents/savings/readme.txt : 25a1e37627ecd947d6a42b911e6eae0f68cbff7ea4437ca9a68b2c93d287c272
carl@localhost:/home/carl/Documents/savings/savings-log.json.bak -> /home/carl/scp-qt-get/Documents/savings/savings-log.json.bak : f909a1f28bb481b2108c0070ff649c74a71028cce13386e5ecc5f6be3b0deeee
carl@localhost:/home/carl/Documents/savings/savings-log.json -> /home/carl/scp-qt-get/Documents/savings/savings-log.json : f909a1f28bb481b2108c0070ff649c74a71028cce13386e5ecc5f6be3b0deeee
carl@localhost:/home/carl/Documents/savings/savings-handle.py -> /home/carl/scp-qt-get/Documents/savings/savings-handle.py : f0d1fadf6efe55f02f723f4ab290627d10bc2674cbae03ec65113425409f10fe
carl@localhost:/home/carl/Documents/savings/l.json -> /home/carl/scp-qt-get/Documents/savings/l.json : c6c826181d7dc4155a15b023b130e30a2741c86367fe2f948df4b4f60c3671ac
