carl@localhost:/home/carl/Documents/taken by the wind.txt -> /home/carl/scp-qt-get/Documents/taken by the wind.txt : 3b88bf8c35fb1307c52bda1b29105e97
carl@localhost:/home/carl/Documents/.~lock.vulcan material requirements.ods# -> /home/carl/scp-qt-get/Documents/.~lock.vulcan material requirements.ods# : 13e678338aee3d0f0814768e3938f69f
carl@localhost:/home/carl/Documents/savings-182401_11302018.tar.xz -> /home/carl/scp-qt-get/Documents/savings-182401_11302018.tar.xz : 4df3e5195954935f8933ce8a1b682d29
carl@localhost:/home/carl/Documents/two weeks notice.odt -> /home/carl/scp-qt-get/Documents/two weeks notice.odt : 84060924ab30579ee7e27ea1d2aa5223
carl@localhost:/home/carl/Documents/expenses.ods -> /home/carl/scp-qt-get/Documents/expenses.ods : 20631d19cbdf77d781ee5a4cfe4b361a
carl@localhost:/home/carl/Documents/vim-prac2.txt -> /home/carl/scp-qt-get/Documents/vim-prac2.txt : 7e0308093bd074296e5f18f0f4f57779
carl@localhost:/home/carl/Documents/savings-202359_11222018.tar.xz -> /home/carl/scp-qt-get/Documents/savings-202359_11222018.tar.xz : e0eadacd65aeb40e640c00b380778ab3
carl@localhost:/home/carl/Documents/Calibrating Touchscreen - ArchWiki.html -> /home/carl/scp-qt-get/Documents/Calibrating Touchscreen - ArchWiki.html : 8b554ffca629dcffa1408649c399d19f
carl@localhost:/home/carl/Documents/eq-cheat-sheet.pdf -> /home/carl/scp-qt-get/Documents/eq-cheat-sheet.pdf : eb622cf8c797b03399cc83081a1785ae
carl@localhost:/home/carl/Documents/references-default.pdf -> /home/carl/scp-qt-get/Documents/references-default.pdf : a6adcc8ecaf0175ecd674132fcc2be1e
carl@localhost:/home/carl/Documents/vulcan material requirements.ods -> /home/carl/scp-qt-get/Documents/vulcan material requirements.ods : e0af6e82655b124ad97e3c940e24617b
carl@localhost:/home/carl/Documents/vim-prac.txt -> /home/carl/scp-qt-get/Documents/vim-prac.txt : 1d113af0c704aeebd58a60f1e3176ab1
carl@localhost:/home/carl/Documents/resume-default.pdf -> /home/carl/scp-qt-get/Documents/resume-default.pdf : eff59615643f16cccb684a8f7f0ce877
carl@localhost:/home/carl/Documents/Calibrating Touchscreen - ArchWiki_files/load(1).php -> /home/carl/scp-qt-get/Documents/Calibrating Touchscreen - ArchWiki_files/load(1).php : dbc54c5e9c952065e2ddf6bd951a60d0
carl@localhost:/home/carl/Documents/Calibrating Touchscreen - ArchWiki_files/load.php -> /home/carl/scp-qt-get/Documents/Calibrating Touchscreen - ArchWiki_files/load.php : bae5e0cc0851a124efac63c31a047ebc
carl@localhost:/home/carl/Documents/Calibrating Touchscreen - ArchWiki_files/Merge-arrows-2.png -> /home/carl/scp-qt-get/Documents/Calibrating Touchscreen - ArchWiki_files/Merge-arrows-2.png : ac66b96b5a22beebe3f5a436bfed134f
carl@localhost:/home/carl/Documents/Calibrating Touchscreen - ArchWiki_files/load(3).php -> /home/carl/scp-qt-get/Documents/Calibrating Touchscreen - ArchWiki_files/load(3).php : 68b4c148bcc5f453fb8a5cff9527ad44
carl@localhost:/home/carl/Documents/Calibrating Touchscreen - ArchWiki_files/load(2).php -> /home/carl/scp-qt-get/Documents/Calibrating Touchscreen - ArchWiki_files/load(2).php : abbe903d8fe892499762c5acb7883114
carl@localhost:/home/carl/Documents/applications - 7-25-2018/Application Confirmation-Your Application Has Been Submitted-Costco.html -> /home/carl/scp-qt-get/Documents/applications - 7-25-2018/Application Confirmation-Your Application Has Been Submitted-Costco.html : f8d2995275b6b061693f9fe3f46306fb
carl@localhost:/home/carl/Documents/applications - 7-25-2018/Application Confirmation-Your Application Has Been Submitted-Costco.pdf -> /home/carl/scp-qt-get/Documents/applications - 7-25-2018/Application Confirmation-Your Application Has Been Submitted-Costco.pdf : 6c1e56609a2c60bda453506daa52a18a
carl@localhost:/home/carl/Documents/applications - 7-25-2018/oop - Print all properties of a Python Class - Stack Overflow.pdf -> /home/carl/scp-qt-get/Documents/applications - 7-25-2018/oop - Print all properties of a Python Class - Stack Overflow.pdf : 87c60f2631518ad551e201dc5ad5d3a6
carl@localhost:/home/carl/Documents/applications - 7-25-2018/numbers.txt -> /home/carl/scp-qt-get/Documents/applications - 7-25-2018/numbers.txt : a531c2a433de0b4ef6a7a077d48b0281
carl@localhost:/home/carl/Documents/applications - 7-25-2018/Application Confirmation-Your Application Has Been Submitted-Costco_files/urchin.js -> /home/carl/scp-qt-get/Documents/applications - 7-25-2018/Application Confirmation-Your Application Has Been Submitted-Costco_files/urchin.js : 0d6c983250a15a746128ccaaa4334644
carl@localhost:/home/carl/Documents/applications - 7-25-2018/Application Confirmation-Your Application Has Been Submitted-Costco_files/combined-4740201.js -> /home/carl/scp-qt-get/Documents/applications - 7-25-2018/Application Confirmation-Your Application Has Been Submitted-Costco_files/combined-4740201.js : 4ae2929454874d3669a17639c518b912
carl@localhost:/home/carl/Documents/applications - 7-25-2018/Application Confirmation-Your Application Has Been Submitted-Costco_files/combined-4740201.css -> /home/carl/scp-qt-get/Documents/applications - 7-25-2018/Application Confirmation-Your Application Has Been Submitted-Costco_files/combined-4740201.css : caa9c3f1c7323b754d2db042ffcd6a58
carl@localhost:/home/carl/Documents/applications - 7-25-2018/Application Confirmation-Your Application Has Been Submitted-Costco_files/cookie-min.js -> /home/carl/scp-qt-get/Documents/applications - 7-25-2018/Application Confirmation-Your Application Has Been Submitted-Costco_files/cookie-min.js : be4b26a6d8e29848500f6aa4a55cb22b
carl@localhost:/home/carl/Documents/applications - 7-25-2018/Application Confirmation-Your Application Has Been Submitted-Costco_files/tick.gif -> /home/carl/scp-qt-get/Documents/applications - 7-25-2018/Application Confirmation-Your Application Has Been Submitted-Costco_files/tick.gif : b300054807096dbaea9d737e8abbd2de
carl@localhost:/home/carl/Documents/applications - 7-25-2018/Application Confirmation-Your Application Has Been Submitted-Costco_files/core_leftnav.html -> /home/carl/scp-qt-get/Documents/applications - 7-25-2018/Application Confirmation-Your Application Has Been Submitted-Costco_files/core_leftnav.html : 59d02a6ae9d91a017e0a565f52e520a3
carl@localhost:/home/carl/Documents/applications - 7-25-2018/Application Confirmation-Your Application Has Been Submitted-Costco_files/thickbox-min.css -> /home/carl/scp-qt-get/Documents/applications - 7-25-2018/Application Confirmation-Your Application Has Been Submitted-Costco_files/thickbox-min.css : f624f164f7b0741284626bf0c4fdaacc
carl@localhost:/home/carl/Documents/applications - 7-25-2018/Application Confirmation-Your Application Has Been Submitted-Costco_files/thickbox-min.js -> /home/carl/scp-qt-get/Documents/applications - 7-25-2018/Application Confirmation-Your Application Has Been Submitted-Costco_files/thickbox-min.js : 75d18feae101a21d1c2318661a6c2fb8
carl@localhost:/home/carl/Documents/applications - 7-25-2018/Application Confirmation-Your Application Has Been Submitted-Costco_files/print-min-4740201.css -> /home/carl/scp-qt-get/Documents/applications - 7-25-2018/Application Confirmation-Your Application Has Been Submitted-Costco_files/print-min-4740201.css : ff0ee813969afe50fefb465251fd5f32
carl@localhost:/home/carl/Documents/applications - 7-25-2018/Application Confirmation-Your Application Has Been Submitted-Costco_files/customer.css -> /home/carl/scp-qt-get/Documents/applications - 7-25-2018/Application Confirmation-Your Application Has Been Submitted-Costco_files/customer.css : 48c4491f463bacbeb7633459798f23ab
carl@localhost:/home/carl/Documents/applications - 7-25-2018/Application Confirmation-Your Application Has Been Submitted-Costco_files/validation_en_US-min-4740201.js -> /home/carl/scp-qt-get/Documents/applications - 7-25-2018/Application Confirmation-Your Application Has Been Submitted-Costco_files/validation_en_US-min-4740201.js : eb5995288232a6d79b6fef213110ae00
carl@localhost:/home/carl/Documents/applications - 7-25-2018/Application Confirmation-Your Application Has Been Submitted-Costco_files/dom-min.js -> /home/carl/scp-qt-get/Documents/applications - 7-25-2018/Application Confirmation-Your Application Has Been Submitted-Costco_files/dom-min.js : 2d0a7c1e30dc98a4ebf32eee8dfc8787
carl@localhost:/home/carl/Documents/applications - 7-25-2018/Application Confirmation-Your Application Has Been Submitted-Costco_files/Costco CE logo.jpg -> /home/carl/scp-qt-get/Documents/applications - 7-25-2018/Application Confirmation-Your Application Has Been Submitted-Costco_files/Costco CE logo.jpg : bcccaac2e4f39c6fcc0de095cdc7f269
carl@localhost:/home/carl/Documents/applications - 7-25-2018/Application Confirmation-Your Application Has Been Submitted-Costco_files/IEFrameWarningBypass.html -> /home/carl/scp-qt-get/Documents/applications - 7-25-2018/Application Confirmation-Your Application Has Been Submitted-Costco_files/IEFrameWarningBypass.html : 66c7e735efc03ca74b0f84e3eda31e41
carl@localhost:/home/carl/Documents/applications - 7-25-2018/Application Confirmation-Your Application Has Been Submitted-Costco_files/tools-min-4740201.js -> /home/carl/scp-qt-get/Documents/applications - 7-25-2018/Application Confirmation-Your Application Has Been Submitted-Costco_files/tools-min-4740201.js : 5e82ad020b5a0d938a4f46170b7e28a7
carl@localhost:/home/carl/Documents/applications - 7-25-2018/Application Confirmation-Your Application Has Been Submitted-Costco_files/logger-min.js -> /home/carl/scp-qt-get/Documents/applications - 7-25-2018/Application Confirmation-Your Application Has Been Submitted-Costco_files/logger-min.js : 582a4ba20537f8c47e5561a45c22276d
carl@localhost:/home/carl/Documents/applications - 7-25-2018/Application Confirmation-Your Application Has Been Submitted-Costco_files/WebKitDetect-min.js -> /home/carl/scp-qt-get/Documents/applications - 7-25-2018/Application Confirmation-Your Application Has Been Submitted-Costco_files/WebKitDetect-min.js : b768d12b555167f80c2cbe3e171ab6ba
carl@localhost:/home/carl/Documents/applications - 7-25-2018/Application Confirmation-Your Application Has Been Submitted-Costco_files/style_en_US-min-4740201.css -> /home/carl/scp-qt-get/Documents/applications - 7-25-2018/Application Confirmation-Your Application Has Been Submitted-Costco_files/style_en_US-min-4740201.css : d41d8cd98f00b204e9800998ecf8427e
carl@localhost:/home/carl/Documents/applications - 7-25-2018/Application Confirmation-Your Application Has Been Submitted-Costco_files/event-min.js -> /home/carl/scp-qt-get/Documents/applications - 7-25-2018/Application Confirmation-Your Application Has Been Submitted-Costco_files/event-min.js : 862dacb38c3cf5c18dbca7a6d77a93a1
carl@localhost:/home/carl/Documents/applications - 7-25-2018/Application Confirmation-Your Application Has Been Submitted-Costco_files/element-min.js -> /home/carl/scp-qt-get/Documents/applications - 7-25-2018/Application Confirmation-Your Application Has Been Submitted-Costco_files/element-min.js : c7b8481aae65c95654ee59a83eb370d0
carl@localhost:/home/carl/Documents/applications - 7-25-2018/Application Confirmation-Your Application Has Been Submitted-Costco_files/core_footer.html -> /home/carl/scp-qt-get/Documents/applications - 7-25-2018/Application Confirmation-Your Application Has Been Submitted-Costco_files/core_footer.html : d1afcb10e3349e94d4550e3cdd497df0
carl@localhost:/home/carl/Documents/applications - 7-25-2018/Application Confirmation-Your Application Has Been Submitted-Costco_files/yahoo-min.js -> /home/carl/scp-qt-get/Documents/applications - 7-25-2018/Application Confirmation-Your Application Has Been Submitted-Costco_files/yahoo-min.js : e0e75e68f4ae39d937b2f00bceb9e4a5
carl@localhost:/home/carl/Documents/applications - 7-25-2018/Application Confirmation-Your Application Has Been Submitted-Costco_files/header.html -> /home/carl/scp-qt-get/Documents/applications - 7-25-2018/Application Confirmation-Your Application Has Been Submitted-Costco_files/header.html : bd86937fb3f0e4a716304f0628e599b0
carl@localhost:/home/carl/Documents/applications - 7-25-2018/Application Confirmation-Your Application Has Been Submitted-Costco_files/jquery-1.4.4.min.js -> /home/carl/scp-qt-get/Documents/applications - 7-25-2018/Application Confirmation-Your Application Has Been Submitted-Costco_files/jquery-1.4.4.min.js : 73a9c334c5ca71d70d092b42064f6476
carl@localhost:/home/carl/Documents/julia/live-long-and-prosper-hand-png-6.png -> /home/carl/scp-qt-get/Documents/julia/live-long-and-prosper-hand-png-6.png : e5ad969f90d66252777e594374d38769
carl@localhost:/home/carl/Documents/ron/bitcoin.jpg -> /home/carl/scp-qt-get/Documents/ron/bitcoin.jpg : 8bd56238a708e886927434957b084279
carl@localhost:/home/carl/Documents/trista/broncos.avi -> /home/carl/scp-qt-get/Documents/trista/broncos.avi : 5e52781dd878ec0ab6cf279ff63ff403
carl@localhost:/home/carl/Documents/trista/broncos-2.mp4 -> /home/carl/scp-qt-get/Documents/trista/broncos-2.mp4 : c62a1c27ab825ddb53b90de39c6134ad
carl@localhost:/home/carl/Documents/trista/broncos.mp4 -> /home/carl/scp-qt-get/Documents/trista/broncos.mp4 : c62a1c27ab825ddb53b90de39c6134ad
carl@localhost:/home/carl/Documents/savings/readme.txt -> /home/carl/scp-qt-get/Documents/savings/readme.txt : a84d2f9110304d2eefb66e4480849b42
carl@localhost:/home/carl/Documents/savings/savings-log.json.bak -> /home/carl/scp-qt-get/Documents/savings/savings-log.json.bak : fa18e5c23ef6341e6a6c5695c7f20b2e
carl@localhost:/home/carl/Documents/savings/savings-log.json -> /home/carl/scp-qt-get/Documents/savings/savings-log.json : fa18e5c23ef6341e6a6c5695c7f20b2e
carl@localhost:/home/carl/Documents/savings/savings-handle.py -> /home/carl/scp-qt-get/Documents/savings/savings-handle.py : d47236646ac187389201a73dd26d768d
carl@localhost:/home/carl/Documents/savings/l.json -> /home/carl/scp-qt-get/Documents/savings/l.json : 8388820c4a75479fdebaf433094f7a84
